<?xml version="1.0" encoding="UTF-8"?>
<testsuite name="nl.gerimedica.assignment.AssignmentApplicationTests" tests="1" skipped="0" failures="0" errors="0" timestamp="2025-06-21T20:49:55" hostname="MENCAVE" time="0.703">
  <properties/>
  <testcase name="testSuccess()" classname="nl.gerimedica.assignment.AssignmentApplicationTests" time="0.703"/>
  <system-out><![CDATA[23:49:48.901 [Test worker] INFO org.springframework.test.context.support.AnnotationConfigContextLoaderUtils -- Could not detect default configuration classes for test class [nl.gerimedica.assignment.AssignmentApplicationTests]: AssignmentApplicationTests does not declare any static, non-private, non-final, nested classes annotated with @Configuration.
23:49:49.038 [Test worker] INFO org.springframework.boot.test.context.SpringBootTestContextBootstrapper -- Found @SpringBootConfiguration nl.gerimedica.assignment.AssignmentApplication for test class nl.gerimedica.assignment.AssignmentApplicationTests

  .   ____          _            __ _ _
 /\\ / ___'_ __ _ _(_)_ __  __ _ \ \ \ \
( ( )\___ | '_ | '_| | '_ \/ _` | \ \ \ \
 \\/  ___)| |_)| | | | | || (_| |  ) ) ) )
  '  |____| .__|_| |_|_| |_\__, | / / / /
 =========|_|==============|___/=/_/_/_/

 :: Spring Boot ::                (v3.4.1)

2025-06-21T23:49:49.475+03:00  INFO 24752 --- [AppointmentManager] [    Test worker] n.g.a.AssignmentApplicationTests         : Starting AssignmentApplicationTests using Java 21.0.7 with PID 24752 (started by ismet in C:\Users\ismet\OneDrive\Desktop\assignment\gerimedica-be-assignment-main)
2025-06-21T23:49:49.477+03:00  INFO 24752 --- [AppointmentManager] [    Test worker] n.g.a.AssignmentApplicationTests         : No active profile set, falling back to 1 default profile: "default"
2025-06-21T23:49:50.452+03:00  INFO 24752 --- [AppointmentManager] [    Test worker] .s.d.r.c.RepositoryConfigurationDelegate : Bootstrapping Spring Data JPA repositories in DEFAULT mode.
2025-06-21T23:49:50.516+03:00  INFO 24752 --- [AppointmentManager] [    Test worker] .s.d.r.c.RepositoryConfigurationDelegate : Finished Spring Data repository scanning in 51 ms. Found 2 JPA repository interfaces.
2025-06-21T23:49:51.392+03:00  INFO 24752 --- [AppointmentManager] [    Test worker] o.s.b.w.embedded.tomcat.TomcatWebServer  : Tomcat initialized with port 0 (http)
2025-06-21T23:49:51.406+03:00  INFO 24752 --- [AppointmentManager] [    Test worker] o.apache.catalina.core.StandardService   : Starting service [Tomcat]
2025-06-21T23:49:51.406+03:00  INFO 24752 --- [AppointmentManager] [    Test worker] o.apache.catalina.core.StandardEngine    : Starting Servlet engine: [Apache Tomcat/10.1.34]
2025-06-21T23:49:51.495+03:00  INFO 24752 --- [AppointmentManager] [    Test worker] o.a.c.c.C.[Tomcat].[localhost].[/]       : Initializing Spring embedded WebApplicationContext
2025-06-21T23:49:51.496+03:00  INFO 24752 --- [AppointmentManager] [    Test worker] w.s.c.ServletWebServerApplicationContext : Root WebApplicationContext: initialization completed in 1999 ms
2025-06-21T23:49:52.016+03:00  INFO 24752 --- [AppointmentManager] [    Test worker] o.hibernate.jpa.internal.util.LogHelper  : HHH000204: Processing PersistenceUnitInfo [name: default]
2025-06-21T23:49:52.075+03:00  INFO 24752 --- [AppointmentManager] [    Test worker] org.hibernate.Version                    : HHH000412: Hibernate ORM core version 6.6.4.Final
2025-06-21T23:49:52.112+03:00  INFO 24752 --- [AppointmentManager] [    Test worker] o.h.c.internal.RegionFactoryInitiator    : HHH000026: Second-level cache disabled
2025-06-21T23:49:52.356+03:00  INFO 24752 --- [AppointmentManager] [    Test worker] o.s.o.j.p.SpringPersistenceUnitInfo      : No LoadTimeWeaver setup: ignoring JPA class transformer
2025-06-21T23:49:52.380+03:00  INFO 24752 --- [AppointmentManager] [    Test worker] com.zaxxer.hikari.HikariDataSource       : HikariPool-1 - Starting...
2025-06-21T23:49:52.578+03:00  INFO 24752 --- [AppointmentManager] [    Test worker] com.zaxxer.hikari.pool.HikariPool        : HikariPool-1 - Added connection conn0: url=jdbc:h2:file:./data/testdb user=SA
2025-06-21T23:49:52.579+03:00  INFO 24752 --- [AppointmentManager] [    Test worker] com.zaxxer.hikari.HikariDataSource       : HikariPool-1 - Start completed.
2025-06-21T23:49:52.598+03:00  WARN 24752 --- [AppointmentManager] [    Test worker] org.hibernate.orm.deprecation            : HHH90000025: H2Dialect does not need to be specified explicitly using 'hibernate.dialect' (remove the property setting and it will be selected by default)
2025-06-21T23:49:52.612+03:00  INFO 24752 --- [AppointmentManager] [    Test worker] org.hibernate.orm.connections.pooling    : HHH10001005: Database info:
	Database JDBC URL [Connecting through datasource 'HikariDataSource (HikariPool-1)']
	Database driver: undefined/unknown
	Database version: 2.3.232
	Autocommit mode: undefined/unknown
	Isolation level: undefined/unknown
	Minimum pool size: undefined/unknown
	Maximum pool size: undefined/unknown
2025-06-21T23:49:53.472+03:00  INFO 24752 --- [AppointmentManager] [    Test worker] o.h.e.t.j.p.i.JtaPlatformInitiator       : HHH000489: No JTA platform available (set 'hibernate.transaction.jta.platform' to enable JTA platform integration)
Hibernate: drop table if exists appointment cascade 
Hibernate: drop table if exists patient cascade 
Hibernate: create table appointment (active_flag boolean, reason tinyint check (reason between 0 and 2), id bigint generated by default as identity, patient_id bigint, date varchar(255), primary key (id))
Hibernate: create table patient (id bigint generated by default as identity, name varchar(255), ssn varchar(255) unique, primary key (id))
Hibernate: alter table if exists appointment add constraint FK4apif2ewfyf14077ichee8g06 foreign key (patient_id) references patient
2025-06-21T23:49:53.539+03:00  INFO 24752 --- [AppointmentManager] [    Test worker] j.LocalContainerEntityManagerFactoryBean : Initialized JPA EntityManagerFactory for persistence unit 'default'
2025-06-21T23:49:54.482+03:00  WARN 24752 --- [AppointmentManager] [    Test worker] JpaBaseConfiguration$JpaWebConfiguration : spring.jpa.open-in-view is enabled by default. Therefore, database queries may be performed during view rendering. Explicitly configure spring.jpa.open-in-view to disable this warning
2025-06-21T23:49:55.639+03:00  INFO 24752 --- [AppointmentManager] [    Test worker] o.s.b.a.h2.H2ConsoleAutoConfiguration    : H2 console available at '/h2-console'. Database available at 'jdbc:h2:file:./data/testdb'
2025-06-21T23:49:55.669+03:00  INFO 24752 --- [AppointmentManager] [    Test worker] o.s.b.a.e.web.EndpointLinksResolver      : Exposing 14 endpoints beneath base path '/gerimedica'
2025-06-21T23:49:55.904+03:00  INFO 24752 --- [AppointmentManager] [    Test worker] o.s.b.w.embedded.tomcat.TomcatWebServer  : Tomcat started on port 50416 (http) with context path '/'
2025-06-21T23:49:55.916+03:00  INFO 24752 --- [AppointmentManager] [    Test worker] n.g.a.AssignmentApplicationTests         : Started AssignmentApplicationTests in 6.766 seconds (process running for 7.834)
2025-06-21T23:49:56.451+03:00  INFO 24752 --- [AppointmentManager] [o-auto-1-exec-1] o.a.c.c.C.[Tomcat].[localhost].[/]       : Initializing Spring DispatcherServlet 'dispatcherServlet'
2025-06-21T23:49:56.451+03:00  INFO 24752 --- [AppointmentManager] [o-auto-1-exec-1] o.s.web.servlet.DispatcherServlet        : Initializing Servlet 'dispatcherServlet'
2025-06-21T23:49:56.453+03:00  INFO 24752 --- [AppointmentManager] [o-auto-1-exec-1] o.s.web.servlet.DispatcherServlet        : Completed initialization in 1 ms
2025-06-21T23:49:56.520+03:00  INFO 24752 --- [AppointmentManager] [o-auto-1-exec-1] n.g.assignment.aspect.LoggingAspect      : → HospitalServiceImpl.getAppointmentsByReason(..) called with args: [CHECKUP]
Hibernate: select a1_0.id,a1_0.active_flag,a1_0.date,a1_0.patient_id,a1_0.reason from appointment a1_0
2025-06-21T23:49:56.624+03:00  INFO 24752 --- [AppointmentManager] [o-auto-1-exec-1] n.g.assignment.utils.HospitalUtils       : Used at 2025-06-21T23:49:56.624596900 | Count: 1 | Context: Get appointments by reason
2025-06-21T23:49:56.631+03:00  INFO 24752 --- [AppointmentManager] [o-auto-1-exec-1] n.g.assignment.aspect.LoggingAspect      : ← HospitalServiceImpl.getAppointmentsByReason(..) finished in 111 ms
]]></system-out>
  <system-err><![CDATA[Mockito is currently self-attaching to enable the inline-mock-maker. This will no longer work in future releases of the JDK. Please add Mockito as an agent to your build what is described in Mockito's documentation: https://javadoc.io/doc/org.mockito/mockito-core/latest/org/mockito/Mockito.html#0.3
WARNING: A Java agent has been loaded dynamically (C:\Users\ismet\.gradle\caches\modules-2\files-2.1\net.bytebuddy\byte-buddy-agent\1.15.11\a38b16385e867f59a641330f0362ebe742788ed8\byte-buddy-agent-1.15.11.jar)
WARNING: If a serviceability tool is in use, please run with -XX:+EnableDynamicAgentLoading to hide this warning
WARNING: If a serviceability tool is not in use, please run with -Djdk.instrument.traceUsage for more information
WARNING: Dynamic loading of agents will be disallowed by default in a future release
]]></system-err>
</testsuite>
